*** Using Compiler 'V5.06 update 6 (build 750)', folder: 'G:\Keil\ARM\ARMCC\Bin'
Build target 'USART'
compiling onenet.c...
compiling rtc.c...
compiling main.c...
main.c(93): warning:  #177-D: variable "close"  was declared but never referenced
  	u8 close = 1;
main.c(343): warning:  #167-D: argument of type "u8 *" is incompatible with parameter of type "char *restrict"
  				sprintf(buf, "«Î%02d√Î∫Û÷ÿ ‘", sys.errTime);
main.c(356): warning:  #940-D: missing return statement at end of non-void function "DisErrCnt" 
  }
main.c(368): warning:  #514-D: pointless comparison of unsigned integer with a negative constant
  		if (key_num != -1)
main.c(388): warning:  #111-D: statement is unreachable
  				return -1;
main.c(388): warning:  #68-D: integer conversion resulted in a change of sign
  				return -1;
main.c(390): warning:  #111-D: statement is unreachable
  				break;
main.c(413): warning:  #111-D: statement is unreachable
  				break;
main.c(415): warning:  #111-D: statement is unreachable
  				break;
main.c(418): warning:  #111-D: statement is unreachable
  				break;
main.c(477): warning:  #111-D: statement is unreachable
  					break;
main.c(518): warning:  #111-D: statement is unreachable
  					break;
main.c(431): warning:  #177-D: variable "time"  was declared but never referenced
  	u16 num = 0, num2 = 0, time3 = 0, time;
main.c(434): warning:  #177-D: variable "buf"  was declared but never referenced
  	u8 buf[64];
main.c(885): warning:  #111-D: statement is unreachable
  				break;
main.c(929): warning:  #111-D: statement is unreachable
  				break;
main.c(1178): warning:  #177-D: variable "key"  was declared but never referenced
  	u8 key;
main.c(974): warning: C4487E: read from variable 'pwd' with offset out of bounds
}
main.c(974): warning: C4487E: read from variable 'pwd' with offset out of bounds
}
main.c: 19 warnings, 0 errors
linking...
Program Size: Code=32336 RO-data=13648 RW-data=160 ZI-data=5896  
FromELF: creating hex file...
"..\OBJ\USART.axf" - 0 Error(s), 19 Warning(s).
Build Time Elapsed:  00:00:08
